<?xml version="1.0" encoding="UTF-8"?>
<testsuite name="DBBookDaoCRUDTest" tests="4" skipped="0" failures="0" errors="0" timestamp="2020-09-24T20:14:00" hostname="MacBook-Pro.hsd1.nj.comcast.net" time="0.069">
  <properties/>
  <testcase name="testDeleteBooks" classname="DBBookDaoCRUDTest" time="0.038"/>
  <testcase name="testUpdateBooks" classname="DBBookDaoCRUDTest" time="0.012"/>
  <testcase name="testListBooks" classname="DBBookDaoCRUDTest" time="0.008"/>
  <testcase name="testAddBooks" classname="DBBookDaoCRUDTest" time="0.011"/>
  <system-out><![CDATA[00000000000002
]]></system-out>
  <system-err><![CDATA[]]></system-err>
</testsuite>
